<?xml version="1.0" encoding="UTF-8"?>
<!-- Generated by org.testng.reporters.JUnitReportReporter -->
<testsuite skipped="0" hostname="Yashini" name="runner.loginrunner" tests="1" failures="0" timestamp="21 Mar 2019 02:24:49 GMT" time="48.199" errors="0">
  <testcase name="feature" time="48.199" classname="runner.loginrunner"/>
</testsuite> <!-- runner.loginrunner -->
